  main.cpp
C:\Users\osama\Desktop\assighnment 3&2\assignment\main.cpp(36,21): warning C4244: 'initializing': conversion from 'double' to 'float', possible loss of data
C:\Users\osama\Desktop\assighnment 3&2\assignment\main.cpp(44,36): warning C4305: 'argument': truncation from 'double' to 'GLclampf'
C:\Users\osama\Desktop\assighnment 3&2\assignment\main.cpp(97,31): warning C4305: 'argument': truncation from 'double' to 'GLfloat'
C:\Users\osama\Desktop\assighnment 3&2\assignment\main.cpp(98,51): warning C4305: 'argument': truncation from 'double' to 'GLfloat'
C:\Users\osama\Desktop\assighnment 3&2\assignment\main.cpp(99,51): warning C4305: 'argument': truncation from 'double' to 'GLfloat'
C:\Users\osama\Desktop\assighnment 3&2\assignment\main.cpp(100,51): warning C4305: 'argument': truncation from 'double' to 'GLfloat'
C:\Users\osama\Desktop\assighnment 3&2\assignment\main.cpp(104,31): warning C4305: 'argument': truncation from 'double' to 'GLfloat'
C:\Users\osama\Desktop\assighnment 3&2\assignment\main.cpp(105,51): warning C4305: 'argument': truncation from 'double' to 'GLfloat'
C:\Users\osama\Desktop\assighnment 3&2\assignment\main.cpp(106,51): warning C4305: 'argument': truncation from 'double' to 'GLfloat'
C:\Users\osama\Desktop\assighnment 3&2\assignment\main.cpp(107,51): warning C4305: 'argument': truncation from 'double' to 'GLfloat'
C:\Users\osama\Desktop\assighnment 3&2\assignment\main.cpp(118,30): warning C4305: 'argument': truncation from 'double' to 'GLfloat'
C:\Users\osama\Desktop\assighnment 3&2\assignment\main.cpp(121,17): warning C4244: 'initializing': conversion from 'double' to 'float', possible loss of data
C:\Users\osama\Desktop\assighnment 3&2\assignment\main.cpp(122,17): warning C4244: 'initializing': conversion from 'double' to 'float', possible loss of data
C:\Users\osama\Desktop\assighnment 3&2\assignment\main.cpp(134,24): warning C4305: 'argument': truncation from 'double' to 'GLfloat'
C:\Users\osama\Desktop\assighnment 3&2\assignment\main.cpp(135,48): warning C4305: 'argument': truncation from 'double' to 'GLfloat'
C:\Users\osama\Desktop\assighnment 3&2\assignment\main.cpp(136,48): warning C4305: 'argument': truncation from 'double' to 'GLfloat'
C:\Users\osama\Desktop\assighnment 3&2\assignment\main.cpp(137,48): warning C4305: 'argument': truncation from 'double' to 'GLfloat'
C:\Users\osama\Desktop\assighnment 3&2\assignment\main.cpp(146,28): warning C4305: 'argument': truncation from 'double' to 'GLfloat'
C:\Users\osama\Desktop\assighnment 3&2\assignment\main.cpp(147,122): warning C4305: 'argument': truncation from 'double' to 'float'
C:\Users\osama\Desktop\assighnment 3&2\assignment\main.cpp(148,122): warning C4305: 'argument': truncation from 'double' to 'float'
C:\Users\osama\Desktop\assighnment 3&2\assignment\main.cpp(149,122): warning C4305: 'argument': truncation from 'double' to 'float'
C:\Users\osama\Desktop\assighnment 3&2\assignment\main.cpp(150,121): warning C4305: 'argument': truncation from 'double' to 'float'
C:\Users\osama\Desktop\assighnment 3&2\assignment\main.cpp(151,119): warning C4305: 'argument': truncation from 'double' to 'float'
C:\Users\osama\Desktop\assighnment 3&2\assignment\main.cpp(154,88): warning C4305: 'argument': truncation from 'double' to 'GLfloat'
C:\Users\osama\Desktop\assighnment 3&2\assignment\main.cpp(155,88): warning C4305: 'argument': truncation from 'double' to 'GLfloat'
C:\Users\osama\Desktop\assighnment 3&2\assignment\main.cpp(156,88): warning C4305: 'argument': truncation from 'double' to 'GLfloat'
C:\Users\osama\Desktop\assighnment 3&2\assignment\main.cpp(157,88): warning C4305: 'argument': truncation from 'double' to 'GLfloat'
C:\Users\osama\Desktop\assighnment 3&2\assignment\main.cpp(162,48): warning C4305: 'argument': truncation from 'double' to 'GLfloat'
C:\Users\osama\Desktop\assighnment 3&2\assignment\main.cpp(163,47): warning C4305: 'argument': truncation from 'double' to 'GLfloat'
C:\Users\osama\Desktop\assighnment 3&2\assignment\main.cpp(164,48): warning C4305: 'argument': truncation from 'double' to 'GLfloat'
C:\Users\osama\Desktop\assighnment 3&2\assignment\main.cpp(168,13): warning C4305: 'argument': truncation from 'double' to 'float'
C:\Users\osama\Desktop\assighnment 3&2\assignment\main.cpp(170,12): warning C4305: 'argument': truncation from 'double' to 'float'
C:\Users\osama\Desktop\assighnment 3&2\assignment\main.cpp(185,35): warning C4305: 'argument': truncation from 'double' to 'float'
C:\Users\osama\Desktop\assighnment 3&2\assignment\main.cpp(187,38): warning C4305: 'argument': truncation from 'double' to 'float'
LINK : fatal error LNK1181: cannot open input file 'FreeImage.lib'
